<?xml version="1.0" encoding="UTF-8"?>
<testng-results ignored="0" total="1" passed="1" failed="0" skipped="0">
  <reporter-output>
  </reporter-output>
  <suite started-at="2023-01-14T15:36:05 WET" name="Default suite" finished-at="2023-01-14T15:36:10 WET" duration-ms="4735">
    <groups>
    </groups>
    <test started-at="2023-01-14T15:36:05 WET" name="Default test" finished-at="2023-01-14T15:36:10 WET" duration-ms="4735">
      <class name="Rest">
        <test-method signature="testGetPersonById()[pri:0, instance:Rest@2df9b86]" started-at="2023-01-14T15:36:05 WET" name="testGetPersonById" finished-at="2023-01-14T15:36:10 WET" duration-ms="4664" status="PASS">
          <reporter-output>
          </reporter-output>
        </test-method> <!-- testGetPersonById -->
      </class> <!-- Rest -->
    </test> <!-- Default test -->
  </suite> <!-- Default suite -->
</testng-results>
